Android/app/build/outputs/logs/manifest-merger-debug-report.txt
-- Merging decision tree log ---
manifest
ADDED from src\main\AndroidManifest.xml:2:1-56:12
INJECTED from src\main\AndroidManifest.xml:2:1-56:12
INJECTED from src\main\AndroidManifest.xml:2:1-56:12
INJECTED from src\main\AndroidManifest.xml:2:1-56:12
MERGED from [com.google.android.libraries.places:places:2.6.0] AndroidManifest.xml:2:1-23:12
MERGED from [com.google.android.gms:play-services-maps:18.1.0] AndroidManifest.xml:17:1-44:12
MERGED from [com.google.android.material:material:1.6.1] AndroidManifest.xml:17:1-26:12
MERGED from [androidx.constraintlayout:constraintlayout:2.1.4] AndroidManifest.xml:2:1-11:12
MERGED from [androidx.appcompat:appcompat:1.4.2] AndroidManifest.xml:17:1-24:12
MERGED from [com.google.firebase:firebase-messaging:23.0.7] AndroidManifest.xml:17:1-62:12
MERGED from [com.google.firebase:firebase-auth:21.0.7] AndroidManifest.xml:17:1-73:12
MERGED from [com.google.firebase:firebase-firestore:24.2.2] AndroidManifest.xml:2:1-26:12
MERGED from [com.google.firebase:firebase-analytics:21.1.0] AndroidManifest.xml:2:1-9:12
MERGED from [com.google.firebase:firebase-datatransport:18.1.5] AndroidManifest.xml:15:1-34:12
MERGED from [com.google.android.datatransport:transport-backend-cct:3.1.6] AndroidManifest.xml:15:1-38:12
MERGED from [com.google.android.datatransport:transport-runtime:3.1.6] AndroidManifest.xml:15:1-41:12
MERGED from [com.google.firebase:firebase-encoders-json:18.0.0] AndroidManifest.xml:15:1-23:12
MERGED from [com.google.android.gms:play-services-measurement-api:21.1.0] AndroidManifest.xml:17:1-37:12
MERGED from [com.google.firebase:firebase-installations:17.0.1] AndroidManifest.xml:2:1-24:12
MERGED from [com.google.firebase:firebase-auth-interop:20.0.0] AndroidManifest.xml:2:1-10:12
MERGED from [com.google.firebase:firebase-appcheck-interop:16.0.0] AndroidManifest.xml:15:1-26:12
MERGED from [com.google.firebase:firebase-common:20.1.1] AndroidManifest.xml:15:1-40:12
MERGED from [com.google.android.gms:play-services-location:17.1.0] AndroidManifest.xml:2:1-9:12
MERGED from [com.google.android.gms:play-services-auth-api-phone:17.4.0] AndroidManifest.xml:2:1-7:12
MERGED from [com.google.android.gms:play-services-safetynet:17.0.0] AndroidManifest.xml:17:1-24:12
MERGED from [com.google.firebase:firebase-database-collection:18.0.1] AndroidManifest.xml:2:1-9:12
MERGED from [com.google.android.gms:play-services-base:18.0.1] AndroidManifest.xml:16:1-24:12
MERGED from [com.google.android.gms:play-services-cloud-messaging:17.0.1] AndroidManifest.xml:2:1-13:12
MERGED from [com.google.firebase:firebase-iid-interop:17.1.0] AndroidManifest.xml:2:1-10:12
MERGED from [com.google.firebase:firebase-installations-interop:17.0.1] AndroidManifest.xml:15:1-23:12
MERGED from [com.google.android.gms:play-services-tasks:18.0.1] AndroidManifest.xml:2:1-6:12
MERGED from [com.google.android.gms:play-services-measurement:21.1.0] AndroidManifest.xml:17:1-46:12
MERGED from [com.google.android.gms:play-services-measurement-sdk:21.1.0] AndroidManifest.xml:17:1-25:12
MERGED from [com.google.android.gms:play-services-measurement-impl:21.1.0] AndroidManifest.xml:17:1-32:12
MERGED from [com.google.android.gms:play-services-stats:17.0.2] AndroidManifest.xml:2:1-9:12
MERGED from [com.google.firebase:firebase-measurement-connector:19.0.0] AndroidManifest.xml:17:1-25:12
MERGED from [com.google.android.gms:play-services-places-placereport:17.0.0] AndroidManifest.xml:17:1-24:12
MERGED from [com.google.android.gms:play-services-ads-identifier:18.0.0] AndroidManifest.xml:17:1-27:12
MERGED from [com.google.android.gms:play-services-measurement-sdk-api:21.1.0] AndroidManifest.xml:17:1-28:12
MERGED from [com.google.android.gms:play-services-measurement-base:21.1.0] AndroidManifest.xml:2:1-9:12
MERGED from [com.google.android.gms:play-services-basement:18.0.0] AndroidManifest.xml:16:1-26:12
MERGED from [androidx.viewpager2:viewpager2:1.0.0] AndroidManifest.xml:17:1-24:12
MERGED from [androidx.fragment:fragment:1.3.6] AndroidManifest.xml:17:1-24:12
MERGED from [androidx.cardview:cardview:1.0.0] AndroidManifest.xml:17:1-22:12
MERGED from [androidx.recyclerview:recyclerview:1.1.0] AndroidManifest.xml:17:1-24:12
MERGED from [com.android.volley:volley:1.2.1] AndroidManifest.xml:2:1-7:12
MERGED from [com.google.android.datatransport:transport-api:3.0.0] AndroidManifest.xml:15:1-22:12
MERGED from [io.grpc:grpc-android:1.44.1] AndroidManifest.xml:2:1-11:12
MERGED from [androidx.activity:activity:1.2.4] AndroidManifest.xml:17:1-24:12
MERGED from [androidx.appcompat:appcompat-resources:1.4.2] AndroidManifest.xml:17:1-24:12
MERGED from [androidx.emoji2:emoji2-views-helper:1.0.0] AndroidManifest.xml:17:1-24:12
MERGED from [androidx.emoji2:emoji2:1.0.0] AndroidManifest.xml:17:1-37:12
MERGED from [androidx.drawerlayout:drawerlayout:1.1.1] AndroidManifest.xml:17:1-24:12
MERGED from [androidx.coordinatorlayout:coordinatorlayout:1.1.0] AndroidManifest.xml:17:1-24:12
MERGED from [androidx.dynamicanimation:dynamicanimation:1.0.0] AndroidManifest.xml:17:1-22:12
MERGED from [androidx.transition:transition:1.2.0] AndroidManifest.xml:17:1-24:12
MERGED from [androidx.vectordrawable:vectordrawable-animated:1.1.0] AndroidManifest.xml:17:1-24:12
MERGED from [androidx.vectordrawable:vectordrawable:1.1.0] AndroidManifest.xml:17:1-24:12
MERGED from [androidx.browser:browser:1.4.0] AndroidManifest.xml:17:1-24:12
MERGED from [androidx.viewpager:viewpager:1.0.0] AndroidManifest.xml:17:1-22:12
MERGED from [androidx.legacy:legacy-support-core-utils:1.0.0] AndroidManifest.xml:17:1-22:12
MERGED from [androidx.loader:loader:1.0.0] AndroidManifest.xml:17:1-22:12
MERGED from [androidx.customview:customview:1.1.0] AndroidManifest.xml:17:1-24:12
MERGED from [androidx.core:core:1.7.0] AndroidManifest.xml:17:1-26:12
MERGED from [androidx.cursoradapter:cursoradapter:1.0.0] AndroidManifest.xml:17:1-22:12
MERGED from [androidx.lifecycle:lifecycle-viewmodel-savedstate:2.3.1] AndroidManifest.xml:17:1-24:12
MERGED from [androidx.savedstate:savedstate:1.1.0] AndroidManifest.xml:17:1-24:12
MERGED from [androidx.lifecycle:lifecycle-viewmodel:2.3.1] AndroidManifest.xml:17:1-24:12
MERGED from [com.google.firebase:firebase-components:17.0.0] AndroidManifest.xml:15:1-23:12
MERGED from [androidx.localbroadcastmanager:localbroadcastmanager:1.0.0] AndroidManifest.xml:17:1-22:12
MERGED from [androidx.versionedparcelable:versionedparcelable:1.1.1] AndroidManifest.xml:17:1-27:12
MERGED from [androidx.lifecycle:lifecycle-process:2.4.0] AndroidManifest.xml:17:1-37:12
MERGED from [androidx.startup:startup-runtime:1.0.0] AndroidManifest.xml:17:1-33:12
MERGED from [androidx.tracing:tracing:1.0.0] AndroidManifest.xml:17:1-24:12
MERGED from [androidx.lifecycle:lifecycle-livedata:2.0.0] AndroidManifest.xml:17:1-22:12
MERGED from [androidx.lifecycle:lifecycle-livedata-core:2.3.1] AndroidManifest.xml:17:1-24:12
MERGED from [androidx.lifecycle:lifecycle-runtime:2.4.0] AndroidManifest.xml:17:1-24:12
MERGED from [androidx.arch.core:core-runtime:2.1.0] AndroidManifest.xml:17:1-24:12
MERGED from [androidx.interpolator:interpolator:1.0.0] AndroidManifest.xml:17:1-22:12
MERGED from [androidx.documentfile:documentfile:1.0.0] AndroidManifest.xml:17:1-22:12
MERGED from [androidx.print:print:1.0.0] AndroidManifest.xml:17:1-22:12
MERGED from [androidx.annotation:annotation-experimental:1.1.0] AndroidManifest.xml:17:1-24:12
MERGED from [com.google.firebase:protolite-well-known-types:18.0.0] AndroidManifest.xml:2:1-11:12
INJECTED from src\main\AndroidManifest.xml:2:1-56:12
INJECTED from src\main\AndroidManifest.xml:2:1-56:12
INJECTED from src\main\AndroidManifest.xml:2:1-56:12
	package
		ADDED from src\main\AndroidManifest.xml:4:5-36
		INJECTED from src\main\AndroidManifest.xml
		INJECTED from src\main\AndroidManifest.xml
	android:versionName
		INJECTED from src\main\AndroidManifest.xml
		ADDED from src\main\AndroidManifest.xml:2:1-56:12
		INJECTED from src\main\AndroidManifest.xml
	xmlns:tools
		ADDED from src\main\AndroidManifest.xml:3:5-51
	android:versionCode
		INJECTED from src\main\AndroidManifest.xml
		ADDED from src\main\AndroidManifest.xml:2:1-56:12
		INJECTED from src\main\AndroidManifest.xml
	xmlns:android
		ADDED from src\main\AndroidManifest.xml:2:11-69
uses-permission#android.permission.ACCESS_FINE_LOCATION
ADDED from src\main\AndroidManifest.xml:6:5-79
MERGED from [com.google.android.libraries.places:places:2.6.0] AndroidManifest.xml:9:5-79
MERGED from [com.google.android.libraries.places:places:2.6.0] AndroidManifest.xml:9:5-79
	android:name
		ADDED from src\main\AndroidManifest.xml:6:22-76
uses-permission#android.permission.ACCESS_COARSE_LOCATION
ADDED from src\main\AndroidManifest.xml:7:5-81
	android:name
		ADDED from src\main\AndroidManifest.xml:7:22-78
application
ADDED from src\main\AndroidManifest.xml:9:5-54:19
MERGED from [com.google.android.libraries.places:places:2.6.0] AndroidManifest.xml:13:5-21:19
MERGED from [com.google.android.libraries.places:places:2.6.0] AndroidManifest.xml:13:5-21:19
MERGED from [com.google.android.gms:play-services-maps:18.1.0] AndroidManifest.xml:36:5-42:19
MERGED from [com.google.android.gms:play-services-maps:18.1.0] AndroidManifest.xml:36:5-42:19
MERGED from [com.google.android.material:material:1.6.1] AndroidManifest.xml:24:5-20
MERGED from [com.google.android.material:material:1.6.1] AndroidManifest.xml:24:5-20
MERGED from [androidx.constraintlayout:constraintlayout:2.1.4] AndroidManifest.xml:9:5-20
MERGED from [androidx.constraintlayout:constraintlayout:2.1.4] AndroidManifest.xml:9:5-20
MERGED from [com.google.firebase:firebase-messaging:23.0.7] AndroidManifest.xml:31:5-60:19
MERGED from [com.google.firebase:firebase-messaging:23.0.7] AndroidManifest.xml:31:5-60:19
MERGED from [com.google.firebase:firebase-auth:21.0.7] AndroidManifest.xml:26:5-71:19
MERGED from [com.google.firebase:firebase-auth:21.0.7] AndroidManifest.xml:26:5-71:19
MERGED from [com.google.firebase:firebase-firestore:24.2.2] AndroidManifest.xml:16:5-24:19
MERGED from [com.google.firebase:firebase-firestore:24.2.2] AndroidManifest.xml:16:5-24:19
MERGED from [com.google.firebase:firebase-analytics:21.1.0] AndroidManifest.xml:7:5-20
MERGED from [com.google.firebase:firebase-analytics:21.1.0] AndroidManifest.xml:7:5-20
MERGED from [com.google.firebase:firebase-datatransport:18.1.5] AndroidManifest.xml:24:5-32:19
MERGED from [com.google.firebase:firebase-datatransport:18.1.5] AndroidManifest.xml:24:5-32:19
MERGED from [com.google.android.datatransport:transport-backend-cct:3.1.6] AndroidManifest.xml:28:5-36:19
MERGED from [com.google.android.datatransport:transport-backend-cct:3.1.6] AndroidManifest.xml:28:5-36:19
MERGED from [com.google.android.datatransport:transport-runtime:3.1.6] AndroidManifest.xml:25:5-39:19
MERGED from [com.google.android.datatransport:transport-runtime:3.1.6] AndroidManifest.xml:25:5-39:19
MERGED from [com.google.android.gms:play-services-measurement-api:21.1.0] AndroidManifest.xml:27:5-35:19
MERGED from [com.google.android.gms:play-services-measurement-api:21.1.0] AndroidManifest.xml:27:5-35:19
MERGED from [com.google.firebase:firebase-installations:17.0.1] AndroidManifest.xml:14:5-22:19
MERGED from [com.google.firebase:firebase-installations:17.0.1] AndroidManifest.xml:14:5-22:19
MERGED from [com.google.firebase:firebase-auth-interop:20.0.0] AndroidManifest.xml:7:5-8:19
MERGED from [com.google.firebase:firebase-auth-interop:20.0.0] AndroidManifest.xml:7:5-8:19
MERGED from [com.google.firebase:firebase-appcheck-interop:16.0.0] AndroidManifest.xml:24:5-20
MERGED from [com.google.firebase:firebase-appcheck-interop:16.0.0] AndroidManifest.xml:24:5-20
MERGED from [com.google.firebase:firebase-common:20.1.1] AndroidManifest.xml:25:5-38:19
MERGED from [com.google.firebase:firebase-common:20.1.1] AndroidManifest.xml:25:5-38:19
MERGED from [com.google.android.gms:play-services-location:17.1.0] AndroidManifest.xml:7:5-20
MERGED from [com.google.android.gms:play-services-location:17.1.0] AndroidManifest.xml:7:5-20
MERGED from [com.google.android.gms:play-services-safetynet:17.0.0] AndroidManifest.xml:22:5-20
MERGED from [com.google.android.gms:play-services-safetynet:17.0.0] AndroidManifest.xml:22:5-20
MERGED from [com.google.android.gms:play-services-base:18.0.1] AndroidManifest.xml:19:5-23:19
MERGED from [com.google.android.gms:play-services-base:18.0.1] AndroidManifest.xml:19:5-23:19
MERGED from [com.google.firebase:firebase-iid-interop:17.1.0] AndroidManifest.xml:7:5-8:19
MERGED from [com.google.firebase:firebase-iid-interop:17.1.0] AndroidManifest.xml:7:5-8:19
MERGED from [com.google.android.gms:play-services-tasks:18.0.1] AndroidManifest.xml:5:5-20
MERGED from [com.google.android.gms:play-services-tasks:18.0.1] AndroidManifest.xml:5:5-20
MERGED from [com.google.android.gms:play-services-measurement:21.1.0] AndroidManifest.xml:28:5-44:19
MERGED from [com.google.android.gms:play-services-measurement:21.1.0] AndroidManifest.xml:28:5-44:19
MERGED from [com.google.android.gms:play-services-measurement-sdk:21.1.0] AndroidManifest.xml:22:5-23:19
MERGED from [com.google.android.gms:play-services-measurement-sdk:21.1.0] AndroidManifest.xml:22:5-23:19
MERGED from [com.google.android.gms:play-services-measurement-impl:21.1.0] AndroidManifest.xml:29:5-30:19
MERGED from [com.google.android.gms:play-services-measurement-impl:21.1.0] AndroidManifest.xml:29:5-30:19
MERGED from [com.google.android.gms:play-services-stats:17.0.2] AndroidManifest.xml:7:5-20
MERGED from [com.google.android.gms:play-services-stats:17.0.2] AndroidManifest.xml:7:5-20
MERGED from [com.google.firebase:firebase-measurement-connector:19.0.0] AndroidManifest.xml:22:5-23:19
MERGED from [com.google.firebase:firebase-measurement-connector:19.0.0] AndroidManifest.xml:22:5-23:19
MERGED from [com.google.android.gms:play-services-places-placereport:17.0.0] AndroidManifest.xml:22:5-20
MERGED from [com.google.android.gms:play-services-places-placereport:17.0.0] AndroidManifest.xml:22:5-20
MERGED from [com.google.android.gms:play-services-ads-identifier:18.0.0] AndroidManifest.xml:25:5-20
MERGED from [com.google.android.gms:play-services-ads-identifier:18.0.0] AndroidManifest.xml:25:5-20
MERGED from [com.google.android.gms:play-services-measurement-base:21.1.0] AndroidManifest.xml:7:5-20
MERGED from [com.google.android.gms:play-services-measurement-base:21.1.0] AndroidManifest.xml:7:5-20
MERGED from [com.google.android.gms:play-services-basement:18.0.0] AndroidManifest.xml:20:5-24:19
MERGED from [com.google.android.gms:play-services-basement:18.0.0] AndroidManifest.xml:20:5-24:19
MERGED from [androidx.emoji2:emoji2:1.0.0] AndroidManifest.xml:25:5-35:19
MERGED from [androidx.emoji2:emoji2:1.0.0] AndroidManifest.xml:25:5-35:19
MERGED from [androidx.core:core:1.7.0] AndroidManifest.xml:24:5-89
MERGED from [androidx.core:core:1.7.0] AndroidManifest.xml:24:5-89
MERGED from [androidx.versionedparcelable:versionedparcelable:1.1.1] AndroidManifest.xml:24:5-25:19
MERGED from [androidx.versionedparcelable:versionedparcelable:1.1.1] AndroidManifest.xml:24:5-25:19
MERGED from [androidx.lifecycle:lifecycle-process:2.4.0] AndroidManifest.xml:25:5-35:19
MERGED from [androidx.lifecycle:lifecycle-process:2.4.0] AndroidManifest.xml:25:5-35:19
MERGED from [androidx.startup:startup-runtime:1.0.0] AndroidManifest.xml:25:5-31:19
MERGED from [androidx.startup:startup-runtime:1.0.0] AndroidManifest.xml:25:5-31:19
	android:appComponentFactory
		ADDED from [androidx.core:core:1.7.0] AndroidManifest.xml:24:18-86
	android:supportsRtl
		ADDED from src\main\AndroidManifest.xml:17:9-35
	android:label
		ADDED from src\main\AndroidManifest.xml:15:9-41
	android:fullBackupContent
		ADDED from src\main\AndroidManifest.xml:13:9-54
	android:roundIcon
		ADDED from src\main\AndroidManifest.xml:16:9-54
	tools:targetApi
		ADDED from src\main\AndroidManifest.xml:19:9-29
	android:icon
		ADDED from src\main\AndroidManifest.xml:14:9-43
	android:allowBackup
		ADDED from src\main\AndroidManifest.xml:11:9-35
	android:theme
		ADDED from src\main\AndroidManifest.xml:18:9-47
	android:dataExtractionRules
		ADDED from src\main\AndroidManifest.xml:12:9-65
	android:usesCleartextTraffic
		ADDED from src\main\AndroidManifest.xml:10:9-44
meta-data#com.google.android.gms.version
ADDED from src\main\AndroidManifest.xml:21:9-23:69
MERGED from [com.google.android.gms:play-services-basement:18.0.0] AndroidManifest.xml:21:9-23:69
MERGED from [com.google.android.gms:play-services-basement:18.0.0] AndroidManifest.xml:21:9-23:69
	android:value
		ADDED from src\main\AndroidManifest.xml:23:13-66
	android:name
		ADDED from src\main\AndroidManifest.xml:22:13-58
meta-data#com.google.android.geo.API_KEY
ADDED from src\main\AndroidManifest.xml:26:9-28:67
	android:value
		ADDED from src\main\AndroidManifest.xml:28:9-64
	android:name
		ADDED from src\main\AndroidManifest.xml:27:9-54
activity#com.example.real_push.LocationActivity
ADDED from src\main\AndroidManifest.xml:31:9-34:58
	android:label
		ADDED from src\main\AndroidManifest.xml:34:13-56
	android:exported
		ADDED from src\main\AndroidManifest.xml:33:13-36
	android:name
		ADDED from src\main\AndroidManifest.xml:32:13-66
activity#com.example.real_push.TrackActivity
ADDED from src\main\AndroidManifest.xml:37:9-39:39
	android:exported
		ADDED from src\main\AndroidManifest.xml:39:13-37
	android:name
		ADDED from src\main\AndroidManifest.xml:38:13-42
activity#com.example.real_push.MainActivity2
ADDED from src\main\AndroidManifest.xml:40:9-42:40
	android:exported
		ADDED from src\main\AndroidManifest.xml:42:13-37
	android:name
		ADDED from src\main\AndroidManifest.xml:41:13-42
activity#com.example.real_push.MainActivity
ADDED from src\main\AndroidManifest.xml:43:9-51:20
	android:exported
		ADDED from src\main\AndroidManifest.xml:45:13-36
	android:name
		ADDED from src\main\AndroidManifest.xml:44:13-41
intent-filter#action:name:android.intent.action.MAIN+category:name:android.intent.category.LAUNCHER
ADDED from src\main\AndroidManifest.xml:46:13-50:29
action#android.intent.action.MAIN
ADDED from src\main\AndroidManifest.xml:47:17-69
	android:name
		ADDED from src\main\AndroidManifest.xml:47:25-66
category#android.intent.category.LAUNCHER
ADDED from src\main\AndroidManifest.xml:49:17-77
	android:name
		ADDED from src\main\AndroidManifest.xml:49:27-74
uses-sdk
INJECTED from src\main\AndroidManifest.xml reason: use-sdk injection requested
INJECTED from src\main\AndroidManifest.xml
INJECTED from src\main\AndroidManifest.xml
MERGED from [com.google.android.libraries.places:places:2.6.0] AndroidManifest.xml:7:5-44
MERGED from [com.google.android.libraries.places:places:2.6.0] AndroidManifest.xml:7:5-44
MERGED from [com.google.android.gms:play-services-maps:18.1.0] AndroidManifest.xml:20:5-44
MERGED from [com.google.android.gms:play-services-maps:18.1.0] AndroidManifest.xml:20:5-44
MERGED from [com.google.android.material:material:1.6.1] AndroidManifest.xml:20:5-22:41
MERGED from [com.google.android.material:material:1.6.1] AndroidManifest.xml:20:5-22:41
MERGED from [androidx.constraintlayout:constraintlayout:2.1.4] AndroidManifest.xml:5:5-7:41
MERGED from [androidx.constraintlayout:constraintlayout:2.1.4] AndroidManifest.xml:5:5-7:41
MERGED from [androidx.appcompat:appcompat:1.4.2] AndroidManifest.xml:20:5-22:41
MERGED from [androidx.appcompat:appcompat:1.4.2] AndroidManifest.xml:20:5-22:41
MERGED from [com.google.firebase:firebase-messaging:23.0.7] AndroidManifest.xml:21:5-23:41
MERGED from [com.google.firebase:firebase-messaging:23.0.7] AndroidManifest.xml:21:5-23:41
MERGED from [com.google.firebase:firebase-auth:21.0.7] AndroidManifest.xml:21:5-44
MERGED from [com.google.firebase:firebase-auth:21.0.7] AndroidManifest.xml:21:5-44
MERGED from [com.google.firebase:firebase-firestore:24.2.2] AndroidManifest.xml:7:5-9:41
MERGED from [com.google.firebase:firebase-firestore:24.2.2] AndroidManifest.xml:7:5-9:41
MERGED from [com.google.firebase:firebase-analytics:21.1.0] AndroidManifest.xml:5:5-44
MERGED from [com.google.firebase:firebase-analytics:21.1.0] AndroidManifest.xml:5:5-44
MERGED from [com.google.firebase:firebase-datatransport:18.1.5] AndroidManifest.xml:19:5-21:41
MERGED from [com.google.firebase:firebase-datatransport:18.1.5] AndroidManifest.xml:19:5-21:41
MERGED from [com.google.android.datatransport:transport-backend-cct:3.1.6] AndroidManifest.xml:19:5-21:41
MERGED from [com.google.android.datatransport:transport-backend-cct:3.1.6] AndroidManifest.xml:19:5-21:41
MERGED from [com.google.android.datatransport:transport-runtime:3.1.6] AndroidManifest.xml:18:5-20:41
MERGED from [com.google.android.datatransport:transport-runtime:3.1.6] AndroidManifest.xml:18:5-20:41
MERGED from [com.google.firebase:firebase-encoders-json:18.0.0] AndroidManifest.xml:19:5-21:41
MERGED from [com.google.firebase:firebase-encoders-json:18.0.0] AndroidManifest.xml:19:5-21:41
MERGED from [com.google.android.gms:play-services-measurement-api:21.1.0] AndroidManifest.xml:20:5-44
MERGED from [com.google.android.gms:play-services-measurement-api:21.1.0] AndroidManifest.xml:20:5-44
MERGED from [com.google.firebase:firebase-installations:17.0.1] AndroidManifest.xml:6:5-8:41
MERGED from [com.google.firebase:firebase-installations:17.0.1] AndroidManifest.xml:6:5-8:41
MERGED from [com.google.firebase:firebase-auth-interop:20.0.0] AndroidManifest.xml:5:5-44
MERGED from [com.google.firebase:firebase-auth-interop:20.0.0] AndroidManifest.xml:5:5-44
MERGED from [com.google.firebase:firebase-appcheck-interop:16.0.0] AndroidManifest.xml:19:5-21:41
MERGED from [com.google.firebase:firebase-appcheck-interop:16.0.0] AndroidManifest.xml:19:5-21:41
MERGED from [com.google.firebase:firebase-common:20.1.1] AndroidManifest.xml:20:5-22:41
MERGED from [com.google.firebase:firebase-common:20.1.1] AndroidManifest.xml:20:5-22:41
MERGED from [com.google.android.gms:play-services-location:17.1.0] AndroidManifest.xml:5:5-44
MERGED from [com.google.android.gms:play-services-location:17.1.0] AndroidManifest.xml:5:5-44
MERGED from [com.google.android.gms:play-services-auth-api-phone:17.4.0] AndroidManifest.xml:5:5-44
MERGED from [com.google.android.gms:play-services-auth-api-phone:17.4.0] AndroidManifest.xml:5:5-44
MERGED from [com.google.android.gms:play-services-safetynet:17.0.0] AndroidManifest.xml:20:5-44
MERGED from [com.google.android.gms:play-services-safetynet:17.0.0] AndroidManifest.xml:20:5-44
MERGED from [com.google.firebase:firebase-database-collection:18.0.1] AndroidManifest.xml:5:5-7:41
MERGED from [com.google.firebase:firebase-database-collection:18.0.1] AndroidManifest.xml:5:5-7:41
MERGED from [com.google.android.gms:play-services-base:18.0.1] AndroidManifest.xml:18:5-43
MERGED from [com.google.android.gms:play-services-base:18.0.1] AndroidManifest.xml:18:5-43
MERGED from [com.google.android.gms:play-services-cloud-messaging:17.0.1] AndroidManifest.xml:5:5-44
MERGED from [com.google.android.gms:play-services-cloud-messaging:17.0.1] AndroidManifest.xml:5:5-44
MERGED from [com.google.firebase:firebase-iid-interop:17.1.0] AndroidManifest.xml:5:5-44
MERGED from [com.google.firebase:firebase-iid-interop:17.1.0] AndroidManifest.xml:5:5-44
MERGED from [com.google.firebase:firebase-installations-interop:17.0.1] AndroidManifest.xml:19:5-21:41
MERGED from [com.google.firebase:firebase-installations-interop:17.0.1] AndroidManifest.xml:19:5-21:41
MERGED from [com.google.android.gms:play-services-tasks:18.0.1] AndroidManifest.xml:4:5-43
MERGED from [com.google.android.gms:play-services-tasks:18.0.1] AndroidManifest.xml:4:5-43
MERGED from [com.google.android.gms:play-services-measurement:21.1.0] AndroidManifest.xml:20:5-44
MERGED from [com.google.android.gms:play-services-measurement:21.1.0] AndroidManifest.xml:20:5-44
MERGED from [com.google.android.gms:play-services-measurement-sdk:21.1.0] AndroidManifest.xml:20:5-44
MERGED from [com.google.android.gms:play-services-measurement-sdk:21.1.0] AndroidManifest.xml:20:5-44
MERGED from [com.google.android.gms:play-services-measurement-impl:21.1.0] AndroidManifest.xml:20:5-44
MERGED from [com.google.android.gms:play-services-measurement-impl:21.1.0] AndroidManifest.xml:20:5-44
MERGED from [com.google.android.gms:play-services-stats:17.0.2] AndroidManifest.xml:5:5-44
MERGED from [com.google.android.gms:play-services-stats:17.0.2] AndroidManifest.xml:5:5-44
MERGED from [com.google.firebase:firebase-measurement-connector:19.0.0] AndroidManifest.xml:20:5-44
MERGED from [com.google.firebase:firebase-measurement-connector:19.0.0] AndroidManifest.xml:20:5-44
MERGED from [com.google.android.gms:play-services-places-placereport:17.0.0] AndroidManifest.xml:20:5-44
MERGED from [com.google.android.gms:play-services-places-placereport:17.0.0] AndroidManifest.xml:20:5-44
MERGED from [com.google.android.gms:play-services-ads-identifier:18.0.0] AndroidManifest.xml:20:5-44
MERGED from [com.google.android.gms:play-services-ads-identifier:18.0.0] AndroidManifest.xml:20:5-44
MERGED from [com.google.android.gms:play-services-measurement-sdk-api:21.1.0] AndroidManifest.xml:20:5-44
MERGED from [com.google.android.gms:play-services-measurement-sdk-api:21.1.0] AndroidManifest.xml:20:5-44
MERGED from [com.google.android.gms:play-services-measurement-base:21.1.0] AndroidManifest.xml:5:5-44
MERGED from [com.google.android.gms:play-services-measurement-base:21.1.0] AndroidManifest.xml:5:5-44
MERGED from [com.google.android.gms:play-services-basement:18.0.0] AndroidManifest.xml:18:5-43
MERGED from [com.google.android.gms:play-services-basement:18.0.0] AndroidManifest.xml:18:5-43
MERGED from [androidx.viewpager2:viewpager2:1.0.0] AndroidManifest.xml:20:5-22:41
MERGED from [androidx.viewpager2:viewpager2:1.0.0] AndroidManifest.xml:20:5-22:41
MERGED from [androidx.fragment:fragment:1.3.6] AndroidManifest.xml:20:5-22:41
MERGED from [androidx.fragment:fragment:1.3.6] AndroidManifest.xml:20:5-22:41
MERGED from [androidx.cardview:cardview:1.0.0] AndroidManifest.xml:20:5-44
MERGED from [androidx.cardview:cardview:1.0.0] AndroidManifest.xml:20:5-44
MERGED from [androidx.recyclerview:recyclerview:1.1.0] AndroidManifest.xml:20:5-22:41
MERGED from [androidx.recyclerview:recyclerview:1.1.0] AndroidManifest.xml:20:5-22:41
MERGED from [com.android.volley:volley:1.2.1] AndroidManifest.xml:5:5-43
MERGED from [com.android.volley:volley:1.2.1] AndroidManifest.xml:5:5-43
MERGED from [com.google.android.datatransport:transport-api:3.0.0] AndroidManifest.xml:18:5-20:41
MERGED from [com.google.android.datatransport:transport-api:3.0.0] AndroidManifest.xml:18:5-20:41
MERGED from [io.grpc:grpc-android:1.44.1] AndroidManifest.xml:5:5-7:41
MERGED from [io.grpc:grpc-android:1.44.1] AndroidManifest.xml:5:5-7:41
MERGED from [androidx.activity:activity:1.2.4] AndroidManifest.xml:20:5-22:41
MERGED from [androidx.activity:activity:1.2.4] AndroidManifest.xml:20:5-22:41
MERGED from [androidx.appcompat:appcompat-resources:1.4.2] AndroidManifest.xml:20:5-22:41
MERGED from [androidx.appcompat:appcompat-resources:1.4.2] AndroidManifest.xml:20:5-22:41
MERGED from [androidx.emoji2:emoji2-views-helper:1.0.0] AndroidManifest.xml:20:5-22:41
MERGED from [androidx.emoji2:emoji2-views-helper:1.0.0] AndroidManifest.xml:20:5-22:41
MERGED from [androidx.emoji2:emoji2:1.0.0] AndroidManifest.xml:21:5-23:41
MERGED from [androidx.emoji2:emoji2:1.0.0] AndroidManifest.xml:21:5-23:41
MERGED from [androidx.drawerlayout:drawerlayout:1.1.1] AndroidManifest.xml:20:5-22:41
MERGED from [androidx.drawerlayout:drawerlayout:1.1.1] AndroidManifest.xml:20:5-22:41
MERGED from [androidx.coordinatorlayout:coordinatorlayout:1.1.0] AndroidManifest.xml:20:5-22:41
MERGED from [androidx.coordinatorlayout:coordinatorlayout:1.1.0] AndroidManifest.xml:20:5-22:41
MERGED from [androidx.dynamicanimation:dynamicanimation:1.0.0] AndroidManifest.xml:20:5-44
MERGED from [androidx.dynamicanimation:dynamicanimation:1.0.0] AndroidManifest.xml:20:5-44
MERGED from [androidx.transition:transition:1.2.0] AndroidManifest.xml:20:5-22:41
MERGED from [androidx.transition:transition:1.2.0] AndroidManifest.xml:20:5-22:41
MERGED from [androidx.vectordrawable:vectordrawable-animated:1.1.0] AndroidManifest.xml:20:5-22:41
MERGED from [androidx.vectordrawable:vectordrawable-animated:1.1.0] AndroidManifest.xml:20:5-22:41
MERGED from [androidx.vectordrawable:vectordrawable:1.1.0] AndroidManifest.xml:20:5-22:41
MERGED from [androidx.vectordrawable:vectordrawable:1.1.0] AndroidManifest.xml:20:5-22:41
MERGED from [androidx.browser:browser:1.4.0] AndroidManifest.xml:20:5-22:41
MERGED from [androidx.browser:browser:1.4.0] AndroidManifest.xml:20:5-22:41
MERGED from [androidx.viewpager:viewpager:1.0.0] AndroidManifest.xml:20:5-44
MERGED from [androidx.viewpager:viewpager:1.0.0] AndroidManifest.xml:20:5-44
MERGED from [androidx.legacy:legacy-support-core-utils:1.0.0] AndroidManifest.xml:20:5-44
MERGED from [androidx.legacy:legacy-support-core-utils:1.0.0] AndroidManifest.xml:20:5-44
MERGED from [androidx.loader:loader:1.0.0] AndroidManifest.xml:20:5-44
MERGED from [androidx.loader:loader:1.0.0] AndroidManifest.xml:20:5-44
MERGED from [androidx.customview:customview:1.1.0] AndroidManifest.xml:20:5-22:41
MERGED from [androidx.customview:customview:1.1.0] AndroidManifest.xml:20:5-22:41
MERGED from [androidx.core:core:1.7.0] AndroidManifest.xml:20:5-22:41
MERGED from [androidx.core:core:1.7.0] AndroidManifest.xml:20:5-22:41
MERGED from [androidx.cursoradapter:cursoradapter:1.0.0] AndroidManifest.xml:20:5-44
MERGED from [androidx.cursoradapter:cursoradapter:1.0.0] AndroidManifest.xml:20:5-44
MERGED from [androidx.lifecycle:lifecycle-viewmodel-savedstate:2.3.1] AndroidManifest.xml:20:5-22:41
MERGED from [androidx.lifecycle:lifecycle-viewmodel-savedstate:2.3.1] AndroidManifest.xml:20:5-22:41
MERGED from [androidx.savedstate:savedstate:1.1.0] AndroidManifest.xml:20:5-22:41
MERGED from [androidx.savedstate:savedstate:1.1.0] AndroidManifest.xml:20:5-22:41
MERGED from [androidx.lifecycle:lifecycle-viewmodel:2.3.1] AndroidManifest.xml:20:5-22:41